<?xml version="1.0" encoding="UTF-8"?>
<!-- Generated by org.testng.reporters.JUnitReportReporter -->
<testsuite hostname="Harish" failures="0" tests="1" name="com.hrms.testscripts.TC_001" time="20.349" errors="0" timestamp="19 Jun 2021 06:27:26 GMT">
  <testcase classname="com.hrms.testscripts.TC_001" name="tc001" time="20.349"/>
</testsuite> <!-- com.hrms.testscripts.TC_001 -->
